0 info it worked if it ends with ok
1 verbose cli [ 'node',
1 verbose cli   '/Users/ragingwind/.nvm/v0.10.29/bin/npm',
1 verbose cli   'version',
1 verbose cli   'patch' ]
2 info using npm@1.5.0-alpha-1
3 info using node@v0.10.29
4 error Error: Git working directory not clean.
4 error M package.json
4 error M readme.md
4 error     at /Users/ragingwind/.nvm/v0.10.29/lib/node_modules/npm/lib/version.js:88:33
4 error     at ChildProcess.exithandler (child_process.js:645:7)
4 error     at ChildProcess.emit (events.js:98:17)
4 error     at maybeClose (child_process.js:755:16)
4 error     at Socket.<anonymous> (child_process.js:968:11)
4 error     at Socket.emit (events.js:95:17)
4 error     at Pipe.close (net.js:465:12)
5 error If you need help, you may report this *entire* log,
5 error including the npm and node versions, at:
5 error     <http://github.com/npm/npm/issues>
6 error System Darwin 14.1.0
7 error command "node" "/Users/ragingwind/.nvm/v0.10.29/bin/npm" "version" "patch"
8 error cwd /Users/ragingwind/Workspace/ragingwind/chrome-manifest
9 error node -v v0.10.29
10 error npm -v 1.5.0-alpha-1
11 verbose exit [ 1, true ]
